<?xml version="1.0" encoding="UTF-8"?>
<!-- Generated by org.testng.reporters.JUnitReportReporter -->
<testsuite hostname="DESKTOP-2SJV0LG" failures="0" tests="1" name="testcases.Report" time="100.933" errors="0" timestamp="2022-12-27T15:42:54 IST" skipped="0">
  <testcase classname="testcases.Report" name="DeleteAll" time="100.933"/>
  <system-out/>
</testsuite> <!-- testcases.Report -->
